sourcing C:\lscc\diamond\3.5\synpbase\lib\message_override.tcl
Running in Lattice mode

Starting:    C:\lscc\diamond\3.5\synpbase\bin64\mbin\synplify.exe
Install:     C:\lscc\diamond\3.5\synpbase
Hostname:    DESKTOP-990B5R6
Date:        Mon Jul 04 10:49:44 2022
Version:     J-2015.03L

Arguments:   -product synplify_pro -tcl C:/Users/Damian/Desktop/Upwork/CamilaFPGA/W958D8NBYA_verilog_p/memory_black_box/launch_synplify.tcl
ProductType: synplify_pro





No project opened.
auto_infer_blackbox is not supported in current product.
Removed file: C:\Users\Damian\Desktop\Upwork\CamilaFPGA\W958D8NBYA_verilog_p\Config-AC.v
TCL script complete: "C:/Users/Damian/Desktop/Upwork/CamilaFPGA/W958D8NBYA_verilog_p/memory_black_box/launch_synplify.tcl"
Removed file: C:\Users\Damian\Desktop\Upwork\CamilaFPGA\W958D8NBYA_verilog_p\.recovery
Removed file: C:\Users\Damian\Desktop\Upwork\CamilaFPGA\W958D8NBYA_verilog_p\memory_black_box.ldf
Removed file: C:\Users\Damian\Desktop\Upwork\CamilaFPGA\W958D8NBYA_verilog_p\memory_black_box.lpf
Removed file: C:\Users\Damian\Desktop\Upwork\CamilaFPGA\W958D8NBYA_verilog_p\memory_black_box1.sty
log file: "C:\Users\Damian\Desktop\Upwork\CamilaFPGA\W958D8NBYA_verilog_p\memory_black_box\memory_black_box.srr"
Running: memory_black_box in foreground

Running memory_black_box_syn|memory_black_box

Running: compile (Compile) on memory_black_box_syn|memory_black_box

Running: compile_flow (Compile Process) on memory_black_box_syn|memory_black_box

Running: compiler (Compile Input) on memory_black_box_syn|memory_black_box
compiler exited with errors

Job: "compiler" terminated with error status: 2
See log file: "C:\Users\Damian\Desktop\Upwork\CamilaFPGA\W958D8NBYA_verilog_p\memory_black_box\synlog\memory_black_box_compiler.srr"
Return Code: 2
Run Time:0h:00m:01s
Removed file: C:\Users\Damian\Desktop\Upwork\CamilaFPGA\W958D8NBYA_verilog_p\W958D8NBYA.nc.vp
Removed file: C:\Users\Damian\Desktop\Upwork\CamilaFPGA\W958D8NBYA_verilog_p\W958D8NBYA.vcs.vp
log file: "C:\Users\Damian\Desktop\Upwork\CamilaFPGA\W958D8NBYA_verilog_p\memory_black_box\memory_black_box.srr"
Running: memory_black_box in foreground

Running memory_black_box_syn|memory_black_box

Running: compile (Compile) on memory_black_box_syn|memory_black_box

Running: compile_flow (Compile Process) on memory_black_box_syn|memory_black_box

Running: compiler (Compile Input) on memory_black_box_syn|memory_black_box
compiler exited with errors

Job: "compiler" terminated with error status: 2
See log file: "C:\Users\Damian\Desktop\Upwork\CamilaFPGA\W958D8NBYA_verilog_p\memory_black_box\synlog\memory_black_box_compiler.srr"
Return Code: 2
Run Time:0h:00m:00s
Opening object source file c:\users\damian\desktop\upwork\camilafpga\w958d8nbya_verilog_p\w958d8nbya.modelsim.vp
log file: "C:\Users\Damian\Desktop\Upwork\CamilaFPGA\W958D8NBYA_verilog_p\memory_black_box\memory_black_box.srr"
Running: memory_black_box in foreground

Running memory_black_box_syn|memory_black_box

Running: compile (Compile) on memory_black_box_syn|memory_black_box

Running: compile_flow (Compile Process) on memory_black_box_syn|memory_black_box

Running: compiler (Compile Input) on memory_black_box_syn|memory_black_box
Copied C:\Users\Damian\Desktop\Upwork\CamilaFPGA\W958D8NBYA_verilog_p\memory_black_box\synwork\memory_black_box_comp.srs to C:\Users\Damian\Desktop\Upwork\CamilaFPGA\W958D8NBYA_verilog_p\memory_black_box\memory_black_box.srs

compiler Completed
Return Code: 0
Run Time:0h:00m:01s

Running: multi_srs_gen (Multi-srs Generator) on memory_black_box_syn|memory_black_box
Copied C:\Users\Damian\Desktop\Upwork\CamilaFPGA\W958D8NBYA_verilog_p\memory_black_box\synwork\memory_black_box_comp.srs to C:\Users\Damian\Desktop\Upwork\CamilaFPGA\W958D8NBYA_verilog_p\memory_black_box\synwork\memory_black_box_s.srs

multi_srs_gen Completed
Return Code: 0
Run Time:0h:00m:01s
Copied C:\Users\Damian\Desktop\Upwork\CamilaFPGA\W958D8NBYA_verilog_p\memory_black_box\synwork\memory_black_box_mult.srs to C:\Users\Damian\Desktop\Upwork\CamilaFPGA\W958D8NBYA_verilog_p\memory_black_box\memory_black_box.srs
Complete: Compile Process on memory_black_box_syn|memory_black_box

Running: premap (Pre-mapping) on memory_black_box_syn|memory_black_box
Copied C:\Users\Damian\Desktop\Upwork\CamilaFPGA\W958D8NBYA_verilog_p\memory_black_box\memory_black_box.fse to C:\Users\Damian\Desktop\Upwork\CamilaFPGA\W958D8NBYA_verilog_p\memory_black_box\synwork\memory_black_box_s.fse

premap Completed
Return Code: 0
Run Time:0h:00m:00s
Complete: Compile on memory_black_box_syn|memory_black_box

Running: map (Map) on memory_black_box_syn|memory_black_box

Running: fpga_mapper (Map & Optimize) on memory_black_box_syn|memory_black_box
Copied C:\Users\Damian\Desktop\Upwork\CamilaFPGA\W958D8NBYA_verilog_p\memory_black_box\synwork\memory_black_box_m.srm to C:\Users\Damian\Desktop\Upwork\CamilaFPGA\W958D8NBYA_verilog_p\memory_black_box\memory_black_box.srm

fpga_mapper Completed
Return Code: 0
Run Time:0h:00m:03s
Complete: Map on memory_black_box_syn|memory_black_box
Complete: Logic Synthesis on memory_black_box_syn|memory_black_box
Removed file: C:\Users\Damian\Desktop\Upwork\CamilaFPGA\W958D8NBYA_verilog_p\W958D8NBYA.modelsim.vp
log file: "C:\Users\Damian\Desktop\Upwork\CamilaFPGA\W958D8NBYA_verilog_p\memory_black_box\memory_black_box.srr"
Running: memory_black_box in foreground

Running memory_black_box_syn|memory_black_box

Running: compile (Compile) on memory_black_box_syn|memory_black_box

Running: compile_flow (Compile Process) on memory_black_box_syn|memory_black_box

Running: compiler (Compile Input) on memory_black_box_syn|memory_black_box
compiler exited with errors

Job: "compiler" terminated with error status: 2
See log file: "C:\Users\Damian\Desktop\Upwork\CamilaFPGA\W958D8NBYA_verilog_p\memory_black_box\synlog\memory_black_box_compiler.srr"
Return Code: 2
Run Time:0h:00m:01s
Cannot open encrypted file: C:\Users\Damian\Desktop\Upwork\CamilaFPGA\W958D8NBYA_verilog_p\W958D8NBYA.vcs.vp
log file: "C:\Users\Damian\Desktop\Upwork\CamilaFPGA\W958D8NBYA_verilog_p\memory_black_box\memory_black_box.srr"
Running: memory_black_box in foreground

Running memory_black_box_syn|memory_black_box

Running: compile (Compile) on memory_black_box_syn|memory_black_box

Running: compile_flow (Compile Process) on memory_black_box_syn|memory_black_box

Running: compiler (Compile Input) on memory_black_box_syn|memory_black_box

compiler Completed
Return Code: 0
Run Time:0h:12m:43s
Job Canceled: "compiler"
Removed file: C:\Users\Damian\Desktop\Upwork\CamilaFPGA\W958D8NBYA_verilog_p\W958D8NBYA.nc.vp
Removed file: C:\Users\Damian\Desktop\Upwork\CamilaFPGA\W958D8NBYA_verilog_p\W958D8NBYA.vcs.vp
log file: "C:\Users\Damian\Desktop\Upwork\CamilaFPGA\W958D8NBYA_verilog_p\memory_black_box\memory_black_box.srr"
Running: memory_black_box in foreground

Running memory_black_box_syn|memory_black_box

Running: compile (Compile) on memory_black_box_syn|memory_black_box

Running: compile_flow (Compile Process) on memory_black_box_syn|memory_black_box

Running: compiler (Compile Input) on memory_black_box_syn|memory_black_box
Copied C:\Users\Damian\Desktop\Upwork\CamilaFPGA\W958D8NBYA_verilog_p\memory_black_box\synwork\memory_black_box_comp.srs to C:\Users\Damian\Desktop\Upwork\CamilaFPGA\W958D8NBYA_verilog_p\memory_black_box\memory_black_box.srs

compiler Completed
Return Code: 0
Run Time:0h:00m:02s

Running: multi_srs_gen (Multi-srs Generator) on memory_black_box_syn|memory_black_box
Copied C:\Users\Damian\Desktop\Upwork\CamilaFPGA\W958D8NBYA_verilog_p\memory_black_box\synwork\memory_black_box_comp.srs to C:\Users\Damian\Desktop\Upwork\CamilaFPGA\W958D8NBYA_verilog_p\memory_black_box\synwork\memory_black_box_s.srs

multi_srs_gen Completed
Return Code: 0
Run Time:0h:00m:00s
Copied C:\Users\Damian\Desktop\Upwork\CamilaFPGA\W958D8NBYA_verilog_p\memory_black_box\synwork\memory_black_box_mult.srs to C:\Users\Damian\Desktop\Upwork\CamilaFPGA\W958D8NBYA_verilog_p\memory_black_box\memory_black_box.srs
Complete: Compile Process on memory_black_box_syn|memory_black_box

Running: premap (Pre-mapping) on memory_black_box_syn|memory_black_box
Copied C:\Users\Damian\Desktop\Upwork\CamilaFPGA\W958D8NBYA_verilog_p\memory_black_box\memory_black_box.fse to C:\Users\Damian\Desktop\Upwork\CamilaFPGA\W958D8NBYA_verilog_p\memory_black_box\synwork\memory_black_box_s.fse

premap Completed
Return Code: 0
Run Time:0h:00m:01s
Complete: Compile on memory_black_box_syn|memory_black_box

Running: map (Map) on memory_black_box_syn|memory_black_box

Running: fpga_mapper (Map & Optimize) on memory_black_box_syn|memory_black_box
Copied C:\Users\Damian\Desktop\Upwork\CamilaFPGA\W958D8NBYA_verilog_p\memory_black_box\synwork\memory_black_box_m.srm to C:\Users\Damian\Desktop\Upwork\CamilaFPGA\W958D8NBYA_verilog_p\memory_black_box\memory_black_box.srm

fpga_mapper Completed
Return Code: 0
Run Time:0h:00m:02s
Complete: Map on memory_black_box_syn|memory_black_box
Complete: Logic Synthesis on memory_black_box_syn|memory_black_box
exit status=0
