
synthesis -f "HyperRAM_hyperram_lattice.synproj"
synthesis:  version Diamond Version 3.5.0.102

Copyright (c) 1991-1994 by NeoCAD Inc. All rights reserved.
Copyright (c) 1995 AT&T Corp.   All rights reserved.
Copyright (c) 1995-2001 Lucent Technologies Inc.  All rights reserved.
Copyright (c) 2001 Agere Systems   All rights reserved.
Copyright (c) 2002-2015 Lattice Semiconductor Corporation,  All rights reserved.
Wed Jul 06 11:28:41 2022


Command Line:  synthesis -f HyperRAM_hyperram_lattice.synproj -gui -msgset C:/Users/Damian/Desktop/Upwork/CamilaFPGA/Project/promote.xml 

    <postMsg mid="35002000" type="Info"    dynamic="0" navigation="0"  />
Synthesis options:
The -a option is ECP5U.
The -s option is 6.
The -t option is CSFBGA285.
The -d option is LFE5U-25F.
Using package CSFBGA285.
Using performance grade 6.
                                                          

##########################################################

### Lattice Family : ECP5U

### Device  : LFE5U-25F

### Package : CSFBGA285

### Speed   : 6

##########################################################

                                                          

Optimization goal = Timing
Top-level module name = hyperram_tb.
Target frequency = 200.000000 MHz.
Maximum fanout = 1000.
Timing path count = 3
BRAM utilization = 100.000000 %
DSP usage = true
DSP utilization = 100.000000 %
fsm_encoding_style = auto
resolve_mixed_drivers = 0
fix_gated_clocks = 1

Mux style = Auto
Use Carry Chain = true
carry_chain_length = 0
Loop Limit = 1950.
Use IO Insertion = TRUE
Resource Sharing = TRUE
Propagate Constants = TRUE
Remove Duplicate Registers = TRUE
force_gsr = auto
ROM style = auto
RAM style = auto
The -comp option is FALSE.
The -syn option is FALSE.
-p C:/lscc/diamond/3.5/ispfpga/sa5p00/data (searchpath added)
-p C:/Users/Damian/Desktop/Upwork/CamilaFPGA/Project/hyperram (searchpath added)
-p C:/Users/Damian/Desktop/Upwork/CamilaFPGA/Project (searchpath added)
VHDL library = work
VHDL design file = C:/Users/Damian/Desktop/Upwork/CamilaFPGA/Project/hyperram.vhd
VHDL design file = C:/Users/Damian/Desktop/Upwork/CamilaFPGA/Project/hyperram_tb.vhd
VHDL design file = C:/Users/Damian/Desktop/Upwork/CamilaFPGA/Project/clk_div_2.vhd
NGD file = HyperRAM_hyperram.ngd
-sdc option: SDC file input not used.
-lpf option: Output file option is ON.
Hardtimer checking is enabled (default). The -dt option is not used.
The -r option is OFF. [ Remove LOC Properties is OFF. ]
Technology check ok...

Analyzing Verilog file C:/lscc/diamond/3.5/ispfpga/userware/NT/SYNTHESIS_HEADERS/ecp5u.v. VERI-1482
Compile design.
Compile Design Begin
    <postMsg mid="35921504" type="Info"    dynamic="2" navigation="0" arg0="" arg1="C:/Users/Damian/Desktop/Upwork/CamilaFPGA/Project/hyperram"  />
Analyzing VHDL file c:/users/damian/desktop/upwork/camilafpga/project/hyperram.vhd. VHDL-1481
    <postMsg mid="35921012" type="Info"    dynamic="2" navigation="2" arg0="c:/users/damian/desktop/upwork/camilafpga/project/hyperram.vhd(10): " arg1="hram_interface" arg2="c:/users/damian/desktop/upwork/camilafpga/project/hyperram.vhd" arg3="10"  />
    <postMsg mid="35921010" type="Info"    dynamic="2" navigation="2" arg0="c:/users/damian/desktop/upwork/camilafpga/project/hyperram.vhd(54): " arg1="arc" arg2="c:/users/damian/desktop/upwork/camilafpga/project/hyperram.vhd" arg3="54"  />
Analyzing VHDL file c:/users/damian/desktop/upwork/camilafpga/project/hyperram_tb.vhd. VHDL-1481
    <postMsg mid="35921012" type="Info"    dynamic="2" navigation="2" arg0="c:/users/damian/desktop/upwork/camilafpga/project/hyperram_tb.vhd(4): " arg1="hyperram_tb" arg2="c:/users/damian/desktop/upwork/camilafpga/project/hyperram_tb.vhd" arg3="4"  />
    <postMsg mid="35921010" type="Info"    dynamic="2" navigation="2" arg0="c:/users/damian/desktop/upwork/camilafpga/project/hyperram_tb.vhd(30): " arg1="arc" arg2="c:/users/damian/desktop/upwork/camilafpga/project/hyperram_tb.vhd" arg3="30"  />
Analyzing VHDL file c:/users/damian/desktop/upwork/camilafpga/project/clk_div_2.vhd. VHDL-1481
    <postMsg mid="35921012" type="Info"    dynamic="2" navigation="2" arg0="c:/users/damian/desktop/upwork/camilafpga/project/clk_div_2.vhd(8): " arg1="clk_div_2" arg2="c:/users/damian/desktop/upwork/camilafpga/project/clk_div_2.vhd" arg3="8"  />
    <postMsg mid="35921010" type="Info"    dynamic="2" navigation="2" arg0="c:/users/damian/desktop/upwork/camilafpga/project/clk_div_2.vhd(18): " arg1="arc" arg2="c:/users/damian/desktop/upwork/camilafpga/project/clk_div_2.vhd" arg3="18"  />
unit hyperram_tb is not yet analyzed. VHDL-1485
c:/users/damian/desktop/upwork/camilafpga/project/hyperram_tb.vhd(4): executing hyperram_tb(arc)

    <postMsg mid="35921263" type="Warning" dynamic="1" navigation="2" arg0="c:/users/damian/desktop/upwork/camilafpga/project/hyperram_tb.vhd(147): " arg1="c:/users/damian/desktop/upwork/camilafpga/project/hyperram_tb.vhd" arg2="147"  />
    <postMsg mid="35921296" type="Error"   dynamic="1" navigation="2" arg0="c:/users/damian/desktop/upwork/camilafpga/project/hyperram_tb.vhd(154): " arg1="c:/users/damian/desktop/upwork/camilafpga/project/hyperram_tb.vhd" arg2="154"  />
