Active-HDL 13.0.376.8320 2022-07-06 08:57:13

Elaboration top modules:
Architecture                  behavior(hyperram_tb)


-------------------------------------------------------------------------------------------------
Entity         | Architecture | Library | Info | Compiler Version          | Compilation Options
-------------------------------------------------------------------------------------------------
hyperram_tb    | behavior     | work    |      | 13.0.376.8320 (Windows64) | -O3
hram_interface | arc          | work    |      | 13.0.376.8320 (Windows64) | -O3
clk_div_2      | arc          | work    |      | 13.0.376.8320 (Windows64) | -O3
-------------------------------------------------------------------------------------------------

-------------------------------------------------------------------------------------------------
VHDL Package                  | Library | Info | Compiler Version          | Compilation Options
-------------------------------------------------------------------------------------------------
standard                      | std     |      |                           | <unavailable>
TEXTIO                        | std     |      | 13.0.376.8320 (Windows64) |  -2019
std_logic_1164                | ieee    |      | 13.0.376.8320 (Windows64) |  -2008
std_logic_arith               | ieee    |      | 13.0.376.8320 (Windows64) | <unavailable>
-------------------------------------------------------------------------------------------------

-------------------------------------------------------------------------------------------------
Library                       | Comment
-------------------------------------------------------------------------------------------------
ieee                          | Standard IEEE packages library
std                           | Standard VHDL library
work                          | None
-------------------------------------------------------------------------------------------------
