Active-HDL 13.0.376.8320 2022-07-04 10:16:17

Elaboration top modules:
Architecture                  behavior(hyperram_tb)


-------------------------------------------------------------------------------------------------
Entity         | Architecture | Library | Info | Compiler Version          | Compilation Options
-------------------------------------------------------------------------------------------------
hyperram_tb    | behavior     | work    |      | 13.0.376.8320 (Windows64) | -dbg
hram_interface | arc          | work    |      | 13.0.376.8320 (Windows64) | -dbg
clk_div_2      | arc          | work    |      | 13.0.376.8320 (Windows64) | -dbg
-------------------------------------------------------------------------------------------------

-------------------------------------------------------------------------------------------------
VHDL Package                  | Library | Info | Compiler Version          | Compilation Options
-------------------------------------------------------------------------------------------------
standard                      | std     |      |                           | <unavailable>
TEXTIO                        | std     |      | 13.0.376.8320 (Windows64) |  -2019
std_logic_1164                | ieee    |      | 13.0.376.8320 (Windows64) |  -2008
std_logic_arith               | ieee    |      | 13.0.376.8320 (Windows64) | <unavailable>
-------------------------------------------------------------------------------------------------

-------------------------------------------------------------------------------------------------
Library                       | Comment
-------------------------------------------------------------------------------------------------
ieee                          | Standard IEEE packages library
std                           | Standard VHDL library
work                          | None
-------------------------------------------------------------------------------------------------


Simulation Options: asim -O5 -L ovi_ecp5u -PL pmi_work +access +r +m+hyperram_tb hyperram_tb behavior


The performance of simulation is reduced. Version Student Edition
