Synthesis options:
The -a option is ECP5U.
The -s option is 6.
The -t option is CSFBGA285.
The -d option is LFE5U-25F.
Using package CSFBGA285.
Using performance grade 6.
                                                          

##########################################################

### Lattice Family : ECP5U

### Device  : LFE5U-25F

### Package : CSFBGA285

### Speed   : 6

##########################################################

                                                          

Optimization goal = Timing
The -top option is not used.
Target frequency = 200.000000 MHz.
Maximum fanout = 1000.
Timing path count = 3
BRAM utilization = 100.000000 %
DSP usage = true
DSP utilization = 100.000000 %
fsm_encoding_style = auto
resolve_mixed_drivers = 0
fix_gated_clocks = 1

Mux style = Auto
Use Carry Chain = true
carry_chain_length = 0
Loop Limit = 1950.
Use IO Insertion = TRUE
Resource Sharing = TRUE
Propagate Constants = TRUE
Remove Duplicate Registers = TRUE
force_gsr = auto
ROM style = auto
RAM style = auto
The -comp option is FALSE.
The -syn option is FALSE.
-p C:/Users/Damian/Desktop/Upwork/CamilaFPGA/W958D8NBYA_verilog_p (searchpath added)
-p C:/lscc/diamond/3.5/ispfpga/sa5p00/data (searchpath added)
-p C:/Users/Damian/Desktop/Upwork/CamilaFPGA/W958D8NBYA_verilog_p/memory_black_box (searchpath added)
-p C:/Users/Damian/Desktop/Upwork/CamilaFPGA/W958D8NBYA_verilog_p (searchpath added)
Verilog design file = C:/Users/Damian/Desktop/Upwork/CamilaFPGA/W958D8NBYA_verilog_p/Config-AC.v
NGD file = memory_black_box_memory_black_box.ngd
-sdc option: SDC file input not used.
-lpf option: Output file option is ON.
Hardtimer checking is enabled (default). The -dt option is not used.
The -r option is OFF. [ Remove LOC Properties is OFF. ]
ERROR - synthesis: c:/users/damian/desktop/upwork/camilafpga/w958d8nbya_verilog_p/config-ac.v(7): syntax error near parameter. VERI-1137
